<?xml version="1.0" encoding="UTF-8"?>
<!-- Generated by org.testng.reporters.JUnitXMLReporter -->
<testsuite ignored="0" hostname="GHS-EIT-243550" failures="0" tests="4" name="Default test" time="34.758" errors="0" timestamp="2024-12-06T14:57:31 IST">
  <testcase classname="Login" name="loginTest" time="7.232"/>
  <testcase classname="Login" name="loginTest" time="7.138"/>
  <testcase classname="Login" name="loginTest" time="7.041"/>
  <testcase classname="Login" name="loginTest" time="7.074"/>
</testsuite> <!-- Default test -->
