<?xml version="1.0" encoding="UTF-8"?>
<testng-results ignored="0" total="3" passed="3" failed="0" skipped="0">
  <reporter-output>
  </reporter-output>
  <suite started-at="2024-12-06T14:33:50 IST" name="Default suite" finished-at="2024-12-06T14:34:20 IST" duration-ms="30347">
    <groups>
    </groups>
    <test started-at="2024-12-06T14:33:50 IST" name="Default test" finished-at="2024-12-06T14:34:20 IST" duration-ms="30347">
      <class name="Login">
        <test-method is-config="true" signature="setUp()[pri:0, instance:Login@662ac478]" started-at="2024-12-06T14:33:50 IST" name="setUp" finished-at="2024-12-06T14:33:53 IST" duration-ms="2710" status="PASS">
          <reporter-output>
          </reporter-output>
        </test-method> <!-- setUp -->
        <test-method signature="loginTest(java.lang.String)[pri:0, instance:Login@662ac478]" started-at="2024-12-06T14:33:53 IST" name="loginTest" data-provider="loginData" finished-at="2024-12-06T14:34:04 IST" duration-ms="10560" status="PASS">
          <params>
            <param index="0">
              <value>
                <![CDATA[5219]]>
              </value>
            </param>
          </params>
          <reporter-output>
          </reporter-output>
        </test-method> <!-- loginTest -->
        <test-method is-config="true" signature="tearDown()[pri:0, instance:Login@662ac478]" started-at="2024-12-06T14:34:04 IST" name="tearDown" finished-at="2024-12-06T14:34:04 IST" duration-ms="183" status="PASS">
          <reporter-output>
          </reporter-output>
        </test-method> <!-- tearDown -->
        <test-method is-config="true" signature="setUp()[pri:0, instance:Login@662ac478]" started-at="2024-12-06T14:34:04 IST" name="setUp" finished-at="2024-12-06T14:34:05 IST" duration-ms="999" status="PASS">
          <reporter-output>
          </reporter-output>
        </test-method> <!-- setUp -->
        <test-method signature="loginTest(java.lang.String)[pri:0, instance:Login@662ac478]" started-at="2024-12-06T14:34:05 IST" name="loginTest" data-provider="loginData" finished-at="2024-12-06T14:34:12 IST" duration-ms="6913" status="PASS">
          <params>
            <param index="0">
              <value>
                <![CDATA[243550]]>
              </value>
            </param>
          </params>
          <reporter-output>
          </reporter-output>
        </test-method> <!-- loginTest -->
        <test-method is-config="true" signature="tearDown()[pri:0, instance:Login@662ac478]" started-at="2024-12-06T14:34:12 IST" name="tearDown" finished-at="2024-12-06T14:34:12 IST" duration-ms="184" status="PASS">
          <reporter-output>
          </reporter-output>
        </test-method> <!-- tearDown -->
        <test-method is-config="true" signature="setUp()[pri:0, instance:Login@662ac478]" started-at="2024-12-06T14:34:12 IST" name="setUp" finished-at="2024-12-06T14:34:13 IST" duration-ms="968" status="PASS">
          <reporter-output>
          </reporter-output>
        </test-method> <!-- setUp -->
        <test-method signature="loginTest(java.lang.String)[pri:0, instance:Login@662ac478]" started-at="2024-12-06T14:34:13 IST" name="loginTest" data-provider="loginData" finished-at="2024-12-06T14:34:20 IST" duration-ms="6927" status="PASS">
          <params>
            <param index="0">
              <value>
                <![CDATA[243551]]>
              </value>
            </param>
          </params>
          <reporter-output>
          </reporter-output>
        </test-method> <!-- loginTest -->
        <test-method is-config="true" signature="tearDown()[pri:0, instance:Login@662ac478]" started-at="2024-12-06T14:34:20 IST" name="tearDown" finished-at="2024-12-06T14:34:20 IST" duration-ms="179" status="PASS">
          <reporter-output>
          </reporter-output>
        </test-method> <!-- tearDown -->
      </class> <!-- Login -->
    </test> <!-- Default test -->
  </suite> <!-- Default suite -->
</testng-results>
