<?xml version="1.0" encoding="UTF-8"?>
<testng-results ignored="0" total="3" passed="3" failed="0" skipped="0">
  <reporter-output>
  </reporter-output>
  <suite started-at="2024-12-05T18:15:06 IST" name="Default suite" finished-at="2024-12-05T18:15:35 IST" duration-ms="29310">
    <groups>
    </groups>
    <test started-at="2024-12-05T18:15:06 IST" name="Default test" finished-at="2024-12-05T18:15:35 IST" duration-ms="29310">
      <class name="Login">
        <test-method is-config="true" signature="setUp()[pri:0, instance:Login@662ac478]" started-at="2024-12-05T18:15:07 IST" name="setUp" finished-at="2024-12-05T18:15:09 IST" duration-ms="2693" status="PASS">
          <reporter-output>
          </reporter-output>
        </test-method> <!-- setUp -->
        <test-method signature="loginTest(java.lang.String)[pri:0, instance:Login@662ac478]" started-at="2024-12-05T18:15:09 IST" name="loginTest" data-provider="loginData" finished-at="2024-12-05T18:15:17 IST" duration-ms="7484" status="PASS">
          <params>
            <param index="0">
              <value>
                <![CDATA[5219]]>
              </value>
            </param>
          </params>
          <reporter-output>
          </reporter-output>
        </test-method> <!-- loginTest -->
        <test-method is-config="true" signature="tearDown()[pri:0, instance:Login@662ac478]" started-at="2024-12-05T18:15:17 IST" name="tearDown" finished-at="2024-12-05T18:15:17 IST" duration-ms="424" status="PASS">
          <reporter-output>
          </reporter-output>
        </test-method> <!-- tearDown -->
        <test-method is-config="true" signature="setUp()[pri:0, instance:Login@662ac478]" started-at="2024-12-05T18:15:17 IST" name="setUp" finished-at="2024-12-05T18:15:19 IST" duration-ms="1374" status="PASS">
          <reporter-output>
          </reporter-output>
        </test-method> <!-- setUp -->
        <test-method signature="loginTest(java.lang.String)[pri:0, instance:Login@662ac478]" started-at="2024-12-05T18:15:19 IST" name="loginTest" data-provider="loginData" finished-at="2024-12-05T18:15:26 IST" duration-ms="7221" status="PASS">
          <params>
            <param index="0">
              <value>
                <![CDATA[243550]]>
              </value>
            </param>
          </params>
          <reporter-output>
          </reporter-output>
        </test-method> <!-- loginTest -->
        <test-method is-config="true" signature="tearDown()[pri:0, instance:Login@662ac478]" started-at="2024-12-05T18:15:26 IST" name="tearDown" finished-at="2024-12-05T18:15:26 IST" duration-ms="369" status="PASS">
          <reporter-output>
          </reporter-output>
        </test-method> <!-- tearDown -->
        <test-method is-config="true" signature="setUp()[pri:0, instance:Login@662ac478]" started-at="2024-12-05T18:15:26 IST" name="setUp" finished-at="2024-12-05T18:15:28 IST" duration-ms="1295" status="PASS">
          <reporter-output>
          </reporter-output>
        </test-method> <!-- setUp -->
        <test-method signature="loginTest(java.lang.String)[pri:0, instance:Login@662ac478]" started-at="2024-12-05T18:15:28 IST" name="loginTest" data-provider="loginData" finished-at="2024-12-05T18:15:35 IST" duration-ms="7185" status="PASS">
          <params>
            <param index="0">
              <value>
                <![CDATA[243551]]>
              </value>
            </param>
          </params>
          <reporter-output>
          </reporter-output>
        </test-method> <!-- loginTest -->
        <test-method is-config="true" signature="tearDown()[pri:0, instance:Login@662ac478]" started-at="2024-12-05T18:15:35 IST" name="tearDown" finished-at="2024-12-05T18:15:35 IST" duration-ms="368" status="PASS">
          <reporter-output>
          </reporter-output>
        </test-method> <!-- tearDown -->
      </class> <!-- Login -->
    </test> <!-- Default test -->
  </suite> <!-- Default suite -->
</testng-results>
